<?xml version="1.0" encoding="UTF-8"?>
<testng-results ignored="1" total="2" passed="1" failed="0" skipped="0">
  <reporter-output>
  </reporter-output>
  <suite started-at="2021-05-03T19:21:08Z" name="Default suite" finished-at="2021-05-03T19:21:19Z" duration-ms="11267">
    <groups>
    </groups>
    <test started-at="2021-05-03T19:21:08Z" name="Default test" finished-at="2021-05-03T19:21:19Z" duration-ms="11267">
      <class name="Testing.TestNG_Assert">
        <test-method is-config="true" signature="BeforeTest()[pri:0, instance:Testing.TestNG_Assert@5b67bb7e]" started-at="2021-05-03T19:21:08Z" name="BeforeTest" finished-at="2021-05-03T19:21:13Z" duration-ms="4895" status="PASS">
          <reporter-output>
          </reporter-output>
        </test-method> <!-- BeforeTest -->
        <test-method is-config="true" signature="BeforeClass()[pri:0, instance:Testing.TestNG_Assert@5b67bb7e]" started-at="2021-05-03T19:21:13Z" name="BeforeClass" finished-at="2021-05-03T19:21:13Z" duration-ms="0" status="PASS">
          <reporter-output>
          </reporter-output>
        </test-method> <!-- BeforeClass -->
        <test-method signature="method1()[pri:0, instance:Testing.TestNG_Assert@5b67bb7e]" started-at="2021-05-03T19:21:13Z" name="method1" finished-at="2021-05-03T19:21:15Z" duration-ms="2183" status="PASS">
          <reporter-output>
          </reporter-output>
        </test-method> <!-- method1 -->
        <test-method is-config="true" signature="AfterClass()[pri:0, instance:Testing.TestNG_Assert@5b67bb7e]" started-at="2021-05-03T19:21:15Z" name="AfterClass" finished-at="2021-05-03T19:21:15Z" duration-ms="0" status="PASS">
          <reporter-output>
          </reporter-output>
        </test-method> <!-- AfterClass -->
        <test-method is-config="true" signature="AfterTest()[pri:0, instance:Testing.TestNG_Assert@5b67bb7e]" started-at="2021-05-03T19:21:15Z" name="AfterTest" finished-at="2021-05-03T19:21:19Z" duration-ms="4169" status="PASS">
          <reporter-output>
          </reporter-output>
        </test-method> <!-- AfterTest -->
      </class> <!-- Testing.TestNG_Assert -->
    </test> <!-- Default test -->
  </suite> <!-- Default suite -->
</testng-results>
